                                      1 ;--------------------------------------------------------
                                      2 ; File Created by SDCC : free open source ANSI-C Compiler
                                      3 ; Version 4.2.0 #13081 (MINGW64)
                                      4 ;--------------------------------------------------------
                                      5 	.module debug
                                      6 	.optsdcc -mmcs51 --model-large
                                      7 	
                                      8 ;--------------------------------------------------------
                                      9 ; Public variables in this module
                                     10 ;--------------------------------------------------------
                                     11 	.globl _dataout
                                     12 ;--------------------------------------------------------
                                     13 ; special function registers
                                     14 ;--------------------------------------------------------
                                     15 	.area RSEG    (ABS,DATA)
      000000                         16 	.org 0x0000
                                     17 ;--------------------------------------------------------
                                     18 ; special function bits
                                     19 ;--------------------------------------------------------
                                     20 	.area RSEG    (ABS,DATA)
      000000                         21 	.org 0x0000
                                     22 ;--------------------------------------------------------
                                     23 ; overlayable register banks
                                     24 ;--------------------------------------------------------
                                     25 	.area REG_BANK_0	(REL,OVR,DATA)
      000000                         26 	.ds 8
                                     27 ;--------------------------------------------------------
                                     28 ; internal ram data
                                     29 ;--------------------------------------------------------
                                     30 	.area DSEG    (DATA)
                                     31 ;--------------------------------------------------------
                                     32 ; overlayable items in internal ram
                                     33 ;--------------------------------------------------------
                                     34 ;--------------------------------------------------------
                                     35 ; indirectly addressable internal ram data
                                     36 ;--------------------------------------------------------
                                     37 	.area ISEG    (DATA)
                                     38 ;--------------------------------------------------------
                                     39 ; absolute internal ram data
                                     40 ;--------------------------------------------------------
                                     41 	.area IABS    (ABS,DATA)
                                     42 	.area IABS    (ABS,DATA)
                                     43 ;--------------------------------------------------------
                                     44 ; bit data
                                     45 ;--------------------------------------------------------
                                     46 	.area BSEG    (BIT)
                                     47 ;--------------------------------------------------------
                                     48 ; paged external ram data
                                     49 ;--------------------------------------------------------
                                     50 	.area PSEG    (PAG,XDATA)
                                     51 ;--------------------------------------------------------
                                     52 ; external ram data
                                     53 ;--------------------------------------------------------
                                     54 	.area XSEG    (XDATA)
                           000000    55 Ldebug.dataout$value$1_0$1==.
      000000                         56 _dataout_value_65536_1:
      000000                         57 	.ds 2
                                     58 ;--------------------------------------------------------
                                     59 ; absolute external ram data
                                     60 ;--------------------------------------------------------
                                     61 	.area XABS    (ABS,XDATA)
                                     62 ;--------------------------------------------------------
                                     63 ; external initialized ram data
                                     64 ;--------------------------------------------------------
                                     65 	.area XISEG   (XDATA)
                                     66 	.area HOME    (CODE)
                                     67 	.area GSINIT0 (CODE)
                                     68 	.area GSINIT1 (CODE)
                                     69 	.area GSINIT2 (CODE)
                                     70 	.area GSINIT3 (CODE)
                                     71 	.area GSINIT4 (CODE)
                                     72 	.area GSINIT5 (CODE)
                                     73 	.area GSINIT  (CODE)
                                     74 	.area GSFINAL (CODE)
                                     75 	.area CSEG    (CODE)
                                     76 ;--------------------------------------------------------
                                     77 ; global & static initialisations
                                     78 ;--------------------------------------------------------
                                     79 	.area HOME    (CODE)
                                     80 	.area GSINIT  (CODE)
                                     81 	.area GSFINAL (CODE)
                                     82 	.area GSINIT  (CODE)
                                     83 ;--------------------------------------------------------
                                     84 ; Home
                                     85 ;--------------------------------------------------------
                                     86 	.area HOME    (CODE)
                                     87 	.area HOME    (CODE)
                                     88 ;--------------------------------------------------------
                                     89 ; code
                                     90 ;--------------------------------------------------------
                                     91 	.area CSEG    (CODE)
                                     92 ;------------------------------------------------------------
                                     93 ;Allocation info for local variables in function 'dataout'
                                     94 ;------------------------------------------------------------
                                     95 ;value                     Allocated with name '_dataout_value_65536_1'
                                     96 ;debug_address             Allocated with name '_dataout_debug_address_65536_2'
                                     97 ;------------------------------------------------------------
                           000000    98 	G$dataout$0$0 ==.
                           000000    99 	C$debug.c$5$0_0$2 ==.
                                    100 ;	debug.c:5: void dataout(uint16_t value)
                                    101 ;	-----------------------------------------
                                    102 ;	 function dataout
                                    103 ;	-----------------------------------------
      000000                        104 _dataout:
                           000007   105 	ar7 = 0x07
                           000006   106 	ar6 = 0x06
                           000005   107 	ar5 = 0x05
                           000004   108 	ar4 = 0x04
                           000003   109 	ar3 = 0x03
                           000002   110 	ar2 = 0x02
                           000001   111 	ar1 = 0x01
                           000000   112 	ar0 = 0x00
      000000 AF 83            [24]  113 	mov	r7,dph
      000002 E5 82            [12]  114 	mov	a,dpl
      000004 90r00r00         [24]  115 	mov	dptr,#_dataout_value_65536_1
      000007 F0               [24]  116 	movx	@dptr,a
      000008 EF               [12]  117 	mov	a,r7
      000009 A3               [24]  118 	inc	dptr
      00000A F0               [24]  119 	movx	@dptr,a
                           00000B   120 	C$debug.c$8$1_0$2 ==.
                                    121 ;	debug.c:8: *debug_address =value;
      00000B 90r00r00         [24]  122 	mov	dptr,#_dataout_value_65536_1
      00000E E0               [24]  123 	movx	a,@dptr
      00000F FE               [12]  124 	mov	r6,a
      000010 A3               [24]  125 	inc	dptr
      000011 E0               [24]  126 	movx	a,@dptr
      000012 FF               [12]  127 	mov	r7,a
      000013 90 7F F0         [24]  128 	mov	dptr,#0x7ff0
      000016 EE               [12]  129 	mov	a,r6
      000017 F0               [24]  130 	movx	@dptr,a
      000018 EF               [12]  131 	mov	a,r7
      000019 A3               [24]  132 	inc	dptr
      00001A F0               [24]  133 	movx	@dptr,a
                           00001B   134 	C$debug.c$9$1_0$2 ==.
                                    135 ;	debug.c:9: }
                           00001B   136 	C$debug.c$9$1_0$2 ==.
                           00001B   137 	XG$dataout$0$0 ==.
      00001B 22               [24]  138 	ret
                                    139 	.area CSEG    (CODE)
                                    140 	.area CONST   (CODE)
                                    141 	.area XINIT   (CODE)
                                    142 	.area CABS    (ABS,CODE)
